  GraphicsLibrary.cpp
C:\Users\manin.DESKTOP-ROH71JH\source\repos\GraphicsLibrarySource\GraphicsLibrary\GameEngineMani.h(406,43): warning C4244: 'argument': conversion from 'float' to 'int', possible loss of data
C:\Users\manin.DESKTOP-ROH71JH\source\repos\GraphicsLibrarySource\GraphicsLibrary\GameEngineMani.h(406,22): warning C4244: 'argument': conversion from 'float' to 'int', possible loss of data
C:\Users\manin.DESKTOP-ROH71JH\source\repos\GraphicsLibrarySource\GraphicsLibrary\GameEngineMani.h(405,43): warning C4244: 'argument': conversion from 'float' to 'int', possible loss of data
C:\Users\manin.DESKTOP-ROH71JH\source\repos\GraphicsLibrarySource\GraphicsLibrary\GameEngineMani.h(405,22): warning C4244: 'argument': conversion from 'float' to 'int', possible loss of data
C:\Users\manin.DESKTOP-ROH71JH\source\repos\GraphicsLibrarySource\GraphicsLibrary\GameEngineMani.h(404,55): warning C4244: 'argument': conversion from 'float' to 'int', possible loss of data
C:\Users\manin.DESKTOP-ROH71JH\source\repos\GraphicsLibrarySource\GraphicsLibrary\GameEngineMani.h(404,34): warning C4244: 'argument': conversion from 'float' to 'int', possible loss of data
C:\Users\manin.DESKTOP-ROH71JH\source\repos\GraphicsLibrarySource\GraphicsLibrary\GameEngineMani.h(411,43): warning C4244: 'argument': conversion from 'float' to 'int', possible loss of data
C:\Users\manin.DESKTOP-ROH71JH\source\repos\GraphicsLibrarySource\GraphicsLibrary\GameEngineMani.h(411,22): warning C4244: 'argument': conversion from 'float' to 'int', possible loss of data
C:\Users\manin.DESKTOP-ROH71JH\source\repos\GraphicsLibrarySource\GraphicsLibrary\GameEngineMani.h(410,43): warning C4244: 'argument': conversion from 'float' to 'int', possible loss of data
C:\Users\manin.DESKTOP-ROH71JH\source\repos\GraphicsLibrarySource\GraphicsLibrary\GameEngineMani.h(410,22): warning C4244: 'argument': conversion from 'float' to 'int', possible loss of data
C:\Users\manin.DESKTOP-ROH71JH\source\repos\GraphicsLibrarySource\GraphicsLibrary\GameEngineMani.h(409,56): warning C4244: 'argument': conversion from 'float' to 'int', possible loss of data
C:\Users\manin.DESKTOP-ROH71JH\source\repos\GraphicsLibrarySource\GraphicsLibrary\GameEngineMani.h(409,35): warning C4244: 'argument': conversion from 'float' to 'int', possible loss of data
C:\Users\manin.DESKTOP-ROH71JH\source\repos\GraphicsLibrarySource\GraphicsLibrary\GameEngineMani.h(328,75): warning C4101: 'triViewed': unreferenced local variable
  Generating code
  2 of 321 functions ( 0.6%) were compiled, the rest were copied from previous compilation.
    0 functions were new in current compilation
    0 functions had inline decision re-evaluated but remain unchanged
  Finished generating code
  GraphicsLibrary.vcxproj -> C:\Users\manin.DESKTOP-ROH71JH\source\repos\GraphicsLibrarySource\Release\GraphicsLibrary.exe
